<?xml version="1.0" encoding="UTF-8"?>
<testng-results ignored="0" total="1" passed="1" failed="0" skipped="0">
  <reporter-output>
  </reporter-output>
  <suite started-at="2025-03-08T00:03:27 IST" name="Default suite" finished-at="2025-03-08T00:03:42 IST" duration-ms="14883">
    <groups>
    </groups>
    <test started-at="2025-03-08T00:03:27 IST" name="Default test" finished-at="2025-03-08T00:03:42 IST" duration-ms="14883">
      <class name="organisation.CreateCampaignTest">
        <test-method is-config="true" signature="BS()[pri:0, instance:organisation.CreateCampaignTest@131774fe]" started-at="2025-03-08T00:03:27 IST" name="BS" finished-at="2025-03-08T00:03:27 IST" duration-ms="17" status="PASS">
          <reporter-output>
          </reporter-output>
        </test-method> <!-- BS -->
        <test-method is-config="true" signature="BT()[pri:0, instance:organisation.CreateCampaignTest@131774fe]" started-at="2025-03-08T00:03:27 IST" name="BT" finished-at="2025-03-08T00:03:27 IST" duration-ms="1" status="PASS">
          <reporter-output>
          </reporter-output>
        </test-method> <!-- BT -->
        <test-method is-config="true" signature="BC()[pri:0, instance:organisation.CreateCampaignTest@131774fe]" started-at="2025-03-08T00:03:27 IST" name="BC" finished-at="2025-03-08T00:03:28 IST" duration-ms="1761" status="PASS">
          <reporter-output>
          </reporter-output>
        </test-method> <!-- BC -->
        <test-method is-config="true" signature="BM()[pri:0, instance:organisation.CreateCampaignTest@131774fe]" started-at="2025-03-08T00:03:28 IST" name="BM" finished-at="2025-03-08T00:03:32 IST" duration-ms="3386" status="PASS">
          <reporter-output>
          </reporter-output>
        </test-method> <!-- BM -->
        <test-method signature="CreateCampaignTest()[pri:0, instance:organisation.CreateCampaignTest@131774fe]" started-at="2025-03-08T00:03:32 IST" name="CreateCampaignTest" finished-at="2025-03-08T00:03:40 IST" duration-ms="8488" status="PASS">
          <reporter-output>
          </reporter-output>
        </test-method> <!-- CreateCampaignTest -->
        <test-method is-config="true" signature="AM()[pri:0, instance:organisation.CreateCampaignTest@131774fe]" started-at="2025-03-08T00:03:40 IST" name="AM" finished-at="2025-03-08T00:03:42 IST" duration-ms="1211" status="PASS">
          <reporter-output>
          </reporter-output>
        </test-method> <!-- AM -->
        <test-method is-config="true" signature="AC()[pri:0, instance:organisation.CreateCampaignTest@131774fe]" started-at="2025-03-08T00:03:42 IST" name="AC" finished-at="2025-03-08T00:03:42 IST" duration-ms="0" status="PASS">
          <reporter-output>
          </reporter-output>
        </test-method> <!-- AC -->
        <test-method is-config="true" signature="AT()[pri:0, instance:organisation.CreateCampaignTest@131774fe]" started-at="2025-03-08T00:03:42 IST" name="AT" finished-at="2025-03-08T00:03:42 IST" duration-ms="0" status="PASS">
          <reporter-output>
          </reporter-output>
        </test-method> <!-- AT -->
        <test-method is-config="true" signature="AS()[pri:0, instance:organisation.CreateCampaignTest@131774fe]" started-at="2025-03-08T00:03:42 IST" name="AS" finished-at="2025-03-08T00:03:42 IST" duration-ms="0" status="PASS">
          <reporter-output>
          </reporter-output>
        </test-method> <!-- AS -->
      </class> <!-- organisation.CreateCampaignTest -->
    </test> <!-- Default test -->
  </suite> <!-- Default suite -->
</testng-results>
